app/build/intermediates/manifest_merge_blame_file/release/manifest-merger-blame-release-report.txt
1<?xml version="1.0" encoding="utf-8"?>
2<manifest xmlns:android="http://schemas.android.com/apk/res/android"
3    package="app.playstore.boulderspot"
4    android:screenOrientation="portrait"
5    android:versionCode="3"
6    android:versionName="3.0" >
7
8    <uses-sdk
9        android:minSdkVersion="21"
9-->src/main/AndroidManifest.xml
10        android:targetSdkVersion="28" />
10-->src/main/AndroidManifest.xml
11
12    <uses-permission android:name="android.permission.ACCESS_FINE_LOCATION" />
12-->src/main/AndroidManifest.xml:7:5-79
12-->src/main/AndroidManifest.xml:7:22-76
13    <uses-permission android:name="android.permission.ACCESS_COARSE_LOCATION" />
13-->src/main/AndroidManifest.xml:8:5-81
13-->src/main/AndroidManifest.xml:8:22-78
14
15    <permission android:name="android.hardware.camera.autofocus" />
15-->src/main/AndroidManifest.xml:10:5-68
15-->src/main/AndroidManifest.xml:10:17-65
16    <permission android:name="android.permission.INTERNET" />
16-->src/main/AndroidManifest.xml:11:5-62
16-->src/main/AndroidManifest.xml:11:17-59
17    <permission android:name="android.permission.READ_PHONE_STATE" />
17-->src/main/AndroidManifest.xml:12:5-70
17-->src/main/AndroidManifest.xml:12:17-67
18    <permission android:name="android.permission.ACCESS_NETWORK_STATE" />
18-->src/main/AndroidManifest.xml:13:5-74
18-->src/main/AndroidManifest.xml:13:17-71
19    <permission android:name="android.permission.CAMERA" />
19-->src/main/AndroidManifest.xml:14:5-60
19-->src/main/AndroidManifest.xml:14:17-57
20    <permission android:name="android.permission.FLASHLIGHT" />
20-->src/main/AndroidManifest.xml:15:5-64
20-->src/main/AndroidManifest.xml:15:17-61
21    <permission android:name="android.permission.ACCESS_WIFI_STATE" />
21-->src/main/AndroidManifest.xml:16:5-71
21-->src/main/AndroidManifest.xml:16:17-68
22
23    <uses-permission android:name="android.permission.WAKE_LOCK" />
23-->src/main/AndroidManifest.xml:17:5-68
23-->src/main/AndroidManifest.xml:17:22-65
24    <uses-permission
24-->src/main/AndroidManifest.xml:18:5-87
25        android:name="org.apache.http.legacy"
25-->src/main/AndroidManifest.xml:18:22-59
26        android:required="false" />
26-->src/main/AndroidManifest.xml:18:60-84
27    <uses-permission android:name="android.permission.INTERNET" />
27-->[com.jarvanmo:exoplayerview:2.1.5] AndroidManifest.xml:11:5-67
27-->[com.jarvanmo:exoplayerview:2.1.5] AndroidManifest.xml:11:22-64
28    <uses-permission android:name="android.permission.WRITE_SETTINGS" />
28-->[com.jarvanmo:exoplayerview:2.1.5] AndroidManifest.xml:12:5-73
28-->[com.jarvanmo:exoplayerview:2.1.5] AndroidManifest.xml:12:22-70
29    <uses-permission android:name="android.permission.WRITE_EXTERNAL_STORAGE" />
29-->[com.jarvanmo:exoplayerview:2.1.5] AndroidManifest.xml:13:5-81
29-->[com.jarvanmo:exoplayerview:2.1.5] AndroidManifest.xml:13:22-78
30    <uses-permission android:name="android.permission.READ_EXTERNAL_STORAGE" />
30-->[com.jarvanmo:exoplayerview:2.1.5] AndroidManifest.xml:14:5-80
30-->[com.jarvanmo:exoplayerview:2.1.5] AndroidManifest.xml:14:22-77
31    <uses-permission android:name="android.permission.ACCESS_NETWORK_STATE" />
31-->[com.google.android.exoplayer:exoplayer-core:2.11.0] AndroidManifest.xml:24:5-79
31-->[com.google.android.exoplayer:exoplayer-core:2.11.0] AndroidManifest.xml:24:22-76
32    <uses-permission android:name="android.permission.ACCESS_WIFI_STATE" />
32-->[com.google.android.libraries.places:places:2.2.0] AndroidManifest.xml:10:5-76
32-->[com.google.android.libraries.places:places:2.2.0] AndroidManifest.xml:10:22-73
33    <uses-permission android:name="android.permission.RECEIVE_BOOT_COMPLETED" />
33-->[androidx.work:work-runtime:2.0.0] AndroidManifest.xml:25:5-81
33-->[androidx.work:work-runtime:2.0.0] AndroidManifest.xml:25:22-78
34
35    <uses-feature
35-->[com.google.android.gms:play-services-maps:17.0.0] AndroidManifest.xml:26:5-28:35
36        android:glEsVersion="0x00020000"
36-->[com.google.android.gms:play-services-maps:17.0.0] AndroidManifest.xml:27:9-41
37        android:required="true" />
37-->[com.google.android.gms:play-services-maps:17.0.0] AndroidManifest.xml:28:9-32
38
39    <application
39-->src/main/AndroidManifest.xml:23:5-84:19
40        android:allowBackup="true"
40-->src/main/AndroidManifest.xml:30:9-35
41        android:appComponentFactory="androidx.core.app.CoreComponentFactory"
41-->[androidx.core:core:1.1.0] AndroidManifest.xml:24:18-86
42        android:icon="@mipmap/ic_launcher"
42-->src/main/AndroidManifest.xml:31:9-43
43        android:label="@string/app_name"
43-->src/main/AndroidManifest.xml:32:9-41
44        android:networkSecurityConfig="@xml/network_security_config"
44-->src/main/AndroidManifest.xml:25:9-69
45        android:roundIcon="@mipmap/ic_launcher_round"
45-->src/main/AndroidManifest.xml:35:9-54
46        android:screenOrientation="portrait"
46-->src/main/AndroidManifest.xml:24:9-45
47        android:supportsRtl="true"
47-->src/main/AndroidManifest.xml:36:9-35
48        android:theme="@style/AppTheme"
48-->src/main/AndroidManifest.xml:37:9-40
49        android:usesCleartextTraffic="true"
49-->src/main/AndroidManifest.xml:26:9-44
50        android:windowSoftInputMode="adjustPan|adjustResize" >
50-->src/main/AndroidManifest.xml:33:9-61
51        <meta-data
51-->src/main/AndroidManifest.xml:41:9-123
52            android:name="com.google.android.geo.API_KEY"
52-->src/main/AndroidManifest.xml:41:20-65
53            android:value="AIzaSyCBG4HfWkuFX4MYM-7589gNw6hFbQiS8VM" />
53-->src/main/AndroidManifest.xml:41:66-121
54
55        <activity android:name="app.playstore.uClimb.Login.Userdata_Questions_uClimb" />
55-->src/main/AndroidManifest.xml:42:9-43:15
55-->src/main/AndroidManifest.xml:42:19-86
56        <activity
56-->src/main/AndroidManifest.xml:44:9-57:20
57            android:name="app.playstore.uClimb.Login.Login_uClimb"
57-->src/main/AndroidManifest.xml:47:13-67
58            android:label="@string/app_name"
58-->src/main/AndroidManifest.xml:50:13-45
59            android:screenOrientation="fullSensor"
59-->src/main/AndroidManifest.xml:46:13-51
60            android:windowSoftInputMode="adjustPan" >
60-->src/main/AndroidManifest.xml:45:13-52
61            <intent-filter>
61-->src/main/AndroidManifest.xml:52:13-56:29
62                <action android:name="android.intent.action.MAIN" />
62-->src/main/AndroidManifest.xml:53:17-69
62-->src/main/AndroidManifest.xml:53:25-66
63
64                <category android:name="android.intent.category.LAUNCHER" />
64-->src/main/AndroidManifest.xml:55:17-77
64-->src/main/AndroidManifest.xml:55:27-74
65            </intent-filter>
66        </activity>
67        <activity
67-->src/main/AndroidManifest.xml:58:9-73:20
68            android:name="app.playstore.uClimb.Main.MainActivity"
68-->src/main/AndroidManifest.xml:58:19-72
69            android:screenOrientation="fullSensor"
69-->src/main/AndroidManifest.xml:59:13-51
70            android:windowSoftInputMode="adjustPan" >
70-->src/main/AndroidManifest.xml:60:13-52
71            <intent-filter>
71-->src/main/AndroidManifest.xml:63:13-71:29
72                <action android:name="android.intent.action.VIEW" />
72-->src/main/AndroidManifest.xml:64:17-68
72-->src/main/AndroidManifest.xml:64:25-66
73
74                <category android:name="android.intent.category.DEFAULT" />
74-->src/main/AndroidManifest.xml:65:17-75
74-->src/main/AndroidManifest.xml:65:27-73
75                <category android:name="android.intent.category.BROWSABLE" />
75-->src/main/AndroidManifest.xml:66:17-77
75-->src/main/AndroidManifest.xml:66:27-75
76
77                <data
77-->src/main/AndroidManifest.xml:67:17-70:54
78                    android:host="app.playstore.uClimb"
78-->src/main/AndroidManifest.xml:68:21-56
79                    android:scheme="https" />
79-->src/main/AndroidManifest.xml:69:21-43
80            </intent-filter>
81        </activity>
82        <activity android:name="app.playstore.uClimb.Login.SignUp_uClimb" />
82-->src/main/AndroidManifest.xml:81:9-77
82-->src/main/AndroidManifest.xml:81:19-74
83        <activity android:name="app.playstore.uClimb.Notifaction.Base_Internet" />
83-->src/main/AndroidManifest.xml:82:9-83
83-->src/main/AndroidManifest.xml:82:19-80
84        <activity
84-->[com.google.android.libraries.places:places:2.2.0] AndroidManifest.xml:14:9-20:20
85            android:name="com.google.android.libraries.places.widget.AutocompleteActivity"
85-->[com.google.android.libraries.places:places:2.2.0] AndroidManifest.xml:15:13-91
86            android:exported="false"
86-->[com.google.android.libraries.places:places:2.2.0] AndroidManifest.xml:16:13-37
87            android:label="@string/places_autocomplete_label"
87-->[com.google.android.libraries.places:places:2.2.0] AndroidManifest.xml:17:13-62
88            android:theme="@style/PlacesAutocompleteOverlay"
88-->[com.google.android.libraries.places:places:2.2.0] AndroidManifest.xml:18:13-61
89            android:windowSoftInputMode="adjustResize" >
89-->[com.google.android.libraries.places:places:2.2.0] AndroidManifest.xml:19:13-55
90        </activity>
91
92        <service
92-->[com.google.firebase:firebase-dynamic-links:19.1.0] AndroidManifest.xml:8:9-12:19
93            android:name="com.google.firebase.components.ComponentDiscoveryService"
93-->[com.google.firebase:firebase-dynamic-links:19.1.0] AndroidManifest.xml:8:18-89
94            android:directBootAware="true"
94-->[com.google.firebase:firebase-common:19.3.0] AndroidManifest.xml:34:13-43
95            android:exported="false" >
95-->[com.google.firebase:firebase-database:19.2.1] AndroidManifest.xml:31:13-37
96            <meta-data
96-->[com.google.firebase:firebase-dynamic-links:19.1.0] AndroidManifest.xml:9:13-11:85
97                android:name="com.google.firebase.components:com.google.firebase.dynamiclinks.internal.FirebaseDynamicLinkRegistrar"
97-->[com.google.firebase:firebase-dynamic-links:19.1.0] AndroidManifest.xml:10:17-133
98                android:value="com.google.firebase.components.ComponentRegistrar" />
98-->[com.google.firebase:firebase-dynamic-links:19.1.0] AndroidManifest.xml:11:17-82
99            <meta-data
99-->[com.google.firebase:firebase-database:19.2.1] AndroidManifest.xml:32:13-34:85
100                android:name="com.google.firebase.components:com.google.firebase.database.DatabaseRegistrar"
100-->[com.google.firebase:firebase-database:19.2.1] AndroidManifest.xml:33:17-109
101                android:value="com.google.firebase.components.ComponentRegistrar" />
101-->[com.google.firebase:firebase-database:19.2.1] AndroidManifest.xml:34:17-82
102            <meta-data
102-->[com.google.firebase:firebase-auth:19.3.0] AndroidManifest.xml:36:13-38:85
103                android:name="com.google.firebase.components:com.google.firebase.auth.FirebaseAuthRegistrar"
103-->[com.google.firebase:firebase-auth:19.3.0] AndroidManifest.xml:37:17-109
104                android:value="com.google.firebase.components.ComponentRegistrar" />
104-->[com.google.firebase:firebase-auth:19.3.0] AndroidManifest.xml:38:17-82
105            <meta-data
105-->[com.google.firebase:firebase-storage:19.1.1] AndroidManifest.xml:33:13-35:85
106                android:name="com.google.firebase.components:com.google.firebase.storage.StorageRegistrar"
106-->[com.google.firebase:firebase-storage:19.1.1] AndroidManifest.xml:34:17-107
107                android:value="com.google.firebase.components.ComponentRegistrar" />
107-->[com.google.firebase:firebase-storage:19.1.1] AndroidManifest.xml:35:17-82
108        </service>
109
110        <provider
110-->[com.squareup.picasso:picasso:2.71828] AndroidManifest.xml:8:9-11:40
111            android:name="com.squareup.picasso.PicassoProvider"
111-->[com.squareup.picasso:picasso:2.71828] AndroidManifest.xml:9:13-64
112            android:authorities="app.playstore.boulderspot.com.squareup.picasso"
112-->[com.squareup.picasso:picasso:2.71828] AndroidManifest.xml:10:13-72
113            android:exported="false" />
113-->[com.squareup.picasso:picasso:2.71828] AndroidManifest.xml:11:13-37
114
115        <activity
115-->[com.google.firebase:firebase-auth:19.3.0] AndroidManifest.xml:24:9-31:50
116            android:name="com.google.firebase.auth.internal.FederatedSignInActivity"
116-->[com.google.firebase:firebase-auth:19.3.0] AndroidManifest.xml:25:13-85
117            android:excludeFromRecents="true"
117-->[com.google.firebase:firebase-auth:19.3.0] AndroidManifest.xml:26:13-46
118            android:exported="true"
118-->[com.google.firebase:firebase-auth:19.3.0] AndroidManifest.xml:27:13-36
119            android:launchMode="singleTask"
119-->[com.google.firebase:firebase-auth:19.3.0] AndroidManifest.xml:28:13-44
120            android:permission="com.google.firebase.auth.api.gms.permission.LAUNCH_FEDERATED_SIGN_IN"
120-->[com.google.firebase:firebase-auth:19.3.0] AndroidManifest.xml:29:13-102
121            android:theme="@android:style/Theme.Translucent.NoTitleBar" />
121-->[com.google.firebase:firebase-auth:19.3.0] AndroidManifest.xml:30:13-72
122
123        <provider
123-->[com.iceteck.silicompressorr:silicompressor:2.2.3] AndroidManifest.xml:18:9-26:20
124            android:name="com.iceteck.silicompressorr.provider.GenericFileProvider"
124-->[com.iceteck.silicompressorr:silicompressor:2.2.3] AndroidManifest.xml:19:13-84
125            android:authorities="app.playstore.boulderspot.iceteck.silicompressor.provider"
125-->[com.iceteck.silicompressorr:silicompressor:2.2.3] AndroidManifest.xml:20:13-83
126            android:exported="false"
126-->[com.iceteck.silicompressorr:silicompressor:2.2.3] AndroidManifest.xml:21:13-37
127            android:grantUriPermissions="true" >
127-->[com.iceteck.silicompressorr:silicompressor:2.2.3] AndroidManifest.xml:22:13-47
128            <meta-data
128-->[com.iceteck.silicompressorr:silicompressor:2.2.3] AndroidManifest.xml:23:13-25:58
129                android:name="android.support.FILE_PROVIDER_PATHS"
129-->[com.iceteck.silicompressorr:silicompressor:2.2.3] AndroidManifest.xml:24:17-67
130                android:resource="@xml/provider_paths" />
130-->[com.iceteck.silicompressorr:silicompressor:2.2.3] AndroidManifest.xml:25:17-55
131        </provider>
132
133        <activity
133-->[com.google.android.gms:play-services-auth:17.0.0] AndroidManifest.xml:23:9-27:75
134            android:name="com.google.android.gms.auth.api.signin.internal.SignInHubActivity"
134-->[com.google.android.gms:play-services-auth:17.0.0] AndroidManifest.xml:24:13-93
135            android:excludeFromRecents="true"
135-->[com.google.android.gms:play-services-auth:17.0.0] AndroidManifest.xml:25:13-46
136            android:exported="false"
136-->[com.google.android.gms:play-services-auth:17.0.0] AndroidManifest.xml:26:13-37
137            android:theme="@android:style/Theme.Translucent.NoTitleBar" />
137-->[com.google.android.gms:play-services-auth:17.0.0] AndroidManifest.xml:27:13-72
138        <!--
139            Service handling Google Sign-In user revocation. For apps that do not integrate with
140            Google Sign-In, this service will never be started.
141        -->
142        <service
142-->[com.google.android.gms:play-services-auth:17.0.0] AndroidManifest.xml:33:9-36:110
143            android:name="com.google.android.gms.auth.api.signin.RevocationBoundService"
143-->[com.google.android.gms:play-services-auth:17.0.0] AndroidManifest.xml:34:13-89
144            android:exported="true"
144-->[com.google.android.gms:play-services-auth:17.0.0] AndroidManifest.xml:35:13-36
145            android:permission="com.google.android.gms.auth.api.signin.permission.REVOCATION_NOTIFICATION" />
145-->[com.google.android.gms:play-services-auth:17.0.0] AndroidManifest.xml:36:13-107
146
147        <provider
147-->[androidx.work:work-runtime:2.0.0] AndroidManifest.xml:28:9-34:35
148            android:name="androidx.work.impl.WorkManagerInitializer"
148-->[androidx.work:work-runtime:2.0.0] AndroidManifest.xml:29:13-69
149            android:authorities="app.playstore.boulderspot.workmanager-init"
149-->[androidx.work:work-runtime:2.0.0] AndroidManifest.xml:30:13-68
150            android:directBootAware="false"
150-->[androidx.work:work-runtime:2.0.0] AndroidManifest.xml:31:13-44
151            android:exported="false"
151-->[androidx.work:work-runtime:2.0.0] AndroidManifest.xml:32:13-37
152            android:multiprocess="true" />
152-->[androidx.work:work-runtime:2.0.0] AndroidManifest.xml:33:13-40
153
154        <service
154-->[androidx.work:work-runtime:2.0.0] AndroidManifest.xml:36:9-41:35
155            android:name="androidx.work.impl.background.systemalarm.SystemAlarmService"
155-->[androidx.work:work-runtime:2.0.0] AndroidManifest.xml:37:13-88
156            android:directBootAware="false"
156-->[androidx.work:work-runtime:2.0.0] AndroidManifest.xml:38:13-44
157            android:enabled="@bool/enable_system_alarm_service_default"
157-->[androidx.work:work-runtime:2.0.0] AndroidManifest.xml:39:13-72
158            android:exported="false" />
158-->[androidx.work:work-runtime:2.0.0] AndroidManifest.xml:40:13-37
159        <service
159-->[androidx.work:work-runtime:2.0.0] AndroidManifest.xml:42:9-48:35
160            android:name="androidx.work.impl.background.systemjob.SystemJobService"
160-->[androidx.work:work-runtime:2.0.0] AndroidManifest.xml:43:13-84
161            android:directBootAware="false"
161-->[androidx.work:work-runtime:2.0.0] AndroidManifest.xml:44:13-44
162            android:enabled="@bool/enable_system_job_service_default"
162-->[androidx.work:work-runtime:2.0.0] AndroidManifest.xml:45:13-70
163            android:exported="true"
163-->[androidx.work:work-runtime:2.0.0] AndroidManifest.xml:46:13-36
164            android:permission="android.permission.BIND_JOB_SERVICE" />
164-->[androidx.work:work-runtime:2.0.0] AndroidManifest.xml:47:13-69
165
166        <receiver
166-->[androidx.work:work-runtime:2.0.0] AndroidManifest.xml:50:9-55:35
167            android:name="androidx.work.impl.utils.ForceStopRunnable$BroadcastReceiver"
167-->[androidx.work:work-runtime:2.0.0] AndroidManifest.xml:51:13-88
168            android:directBootAware="false"
168-->[androidx.work:work-runtime:2.0.0] AndroidManifest.xml:52:13-44
169            android:enabled="true"
169-->[androidx.work:work-runtime:2.0.0] AndroidManifest.xml:53:13-35
170            android:exported="false" />
170-->[androidx.work:work-runtime:2.0.0] AndroidManifest.xml:54:13-37
171        <receiver
171-->[androidx.work:work-runtime:2.0.0] AndroidManifest.xml:56:9-66:20
172            android:name="androidx.work.impl.background.systemalarm.ConstraintProxy$BatteryChargingProxy"
172-->[androidx.work:work-runtime:2.0.0] AndroidManifest.xml:57:13-106
173            android:directBootAware="false"
173-->[androidx.work:work-runtime:2.0.0] AndroidManifest.xml:58:13-44
174            android:enabled="false"
174-->[androidx.work:work-runtime:2.0.0] AndroidManifest.xml:59:13-36
175            android:exported="false" >
175-->[androidx.work:work-runtime:2.0.0] AndroidManifest.xml:60:13-37
176            <intent-filter>
176-->[androidx.work:work-runtime:2.0.0] AndroidManifest.xml:62:13-65:29
177                <action android:name="android.intent.action.ACTION_POWER_CONNECTED" />
177-->[androidx.work:work-runtime:2.0.0] AndroidManifest.xml:63:17-87
177-->[androidx.work:work-runtime:2.0.0] AndroidManifest.xml:63:25-84
178                <action android:name="android.intent.action.ACTION_POWER_DISCONNECTED" />
178-->[androidx.work:work-runtime:2.0.0] AndroidManifest.xml:64:17-90
178-->[androidx.work:work-runtime:2.0.0] AndroidManifest.xml:64:25-87
179            </intent-filter>
180        </receiver>
181        <receiver
181-->[androidx.work:work-runtime:2.0.0] AndroidManifest.xml:67:9-77:20
182            android:name="androidx.work.impl.background.systemalarm.ConstraintProxy$BatteryNotLowProxy"
182-->[androidx.work:work-runtime:2.0.0] AndroidManifest.xml:68:13-104
183            android:directBootAware="false"
183-->[androidx.work:work-runtime:2.0.0] AndroidManifest.xml:69:13-44
184            android:enabled="false"
184-->[androidx.work:work-runtime:2.0.0] AndroidManifest.xml:70:13-36
185            android:exported="false" >
185-->[androidx.work:work-runtime:2.0.0] AndroidManifest.xml:71:13-37
186            <intent-filter>
186-->[androidx.work:work-runtime:2.0.0] AndroidManifest.xml:73:13-76:29
187                <action android:name="android.intent.action.BATTERY_OKAY" />
187-->[androidx.work:work-runtime:2.0.0] AndroidManifest.xml:74:17-77
187-->[androidx.work:work-runtime:2.0.0] AndroidManifest.xml:74:25-74
188                <action android:name="android.intent.action.BATTERY_LOW" />
188-->[androidx.work:work-runtime:2.0.0] AndroidManifest.xml:75:17-76
188-->[androidx.work:work-runtime:2.0.0] AndroidManifest.xml:75:25-73
189            </intent-filter>
190        </receiver>
191        <receiver
191-->[androidx.work:work-runtime:2.0.0] AndroidManifest.xml:78:9-88:20
192            android:name="androidx.work.impl.background.systemalarm.ConstraintProxy$StorageNotLowProxy"
192-->[androidx.work:work-runtime:2.0.0] AndroidManifest.xml:79:13-104
193            android:directBootAware="false"
193-->[androidx.work:work-runtime:2.0.0] AndroidManifest.xml:80:13-44
194            android:enabled="false"
194-->[androidx.work:work-runtime:2.0.0] AndroidManifest.xml:81:13-36
195            android:exported="false" >
195-->[androidx.work:work-runtime:2.0.0] AndroidManifest.xml:82:13-37
196            <intent-filter>
196-->[androidx.work:work-runtime:2.0.0] AndroidManifest.xml:84:13-87:29
197                <action android:name="android.intent.action.DEVICE_STORAGE_LOW" />
197-->[androidx.work:work-runtime:2.0.0] AndroidManifest.xml:85:17-83
197-->[androidx.work:work-runtime:2.0.0] AndroidManifest.xml:85:25-80
198                <action android:name="android.intent.action.DEVICE_STORAGE_OK" />
198-->[androidx.work:work-runtime:2.0.0] AndroidManifest.xml:86:17-82
198-->[androidx.work:work-runtime:2.0.0] AndroidManifest.xml:86:25-79
199            </intent-filter>
200        </receiver>
201        <receiver
201-->[androidx.work:work-runtime:2.0.0] AndroidManifest.xml:89:9-98:20
202            android:name="androidx.work.impl.background.systemalarm.ConstraintProxy$NetworkStateProxy"
202-->[androidx.work:work-runtime:2.0.0] AndroidManifest.xml:90:13-103
203            android:directBootAware="false"
203-->[androidx.work:work-runtime:2.0.0] AndroidManifest.xml:91:13-44
204            android:enabled="false"
204-->[androidx.work:work-runtime:2.0.0] AndroidManifest.xml:92:13-36
205            android:exported="false" >
205-->[androidx.work:work-runtime:2.0.0] AndroidManifest.xml:93:13-37
206            <intent-filter>
206-->[androidx.work:work-runtime:2.0.0] AndroidManifest.xml:95:13-97:29
207                <action android:name="android.net.conn.CONNECTIVITY_CHANGE" />
207-->[androidx.work:work-runtime:2.0.0] AndroidManifest.xml:96:17-79
207-->[androidx.work:work-runtime:2.0.0] AndroidManifest.xml:96:25-76
208            </intent-filter>
209        </receiver>
210        <receiver
210-->[androidx.work:work-runtime:2.0.0] AndroidManifest.xml:99:9-110:20
211            android:name="androidx.work.impl.background.systemalarm.RescheduleReceiver"
211-->[androidx.work:work-runtime:2.0.0] AndroidManifest.xml:100:13-88
212            android:directBootAware="false"
212-->[androidx.work:work-runtime:2.0.0] AndroidManifest.xml:101:13-44
213            android:enabled="false"
213-->[androidx.work:work-runtime:2.0.0] AndroidManifest.xml:102:13-36
214            android:exported="false" >
214-->[androidx.work:work-runtime:2.0.0] AndroidManifest.xml:103:13-37
215            <intent-filter>
215-->[androidx.work:work-runtime:2.0.0] AndroidManifest.xml:105:13-109:29
216                <action android:name="android.intent.action.BOOT_COMPLETED" />
216-->[androidx.work:work-runtime:2.0.0] AndroidManifest.xml:106:17-79
216-->[androidx.work:work-runtime:2.0.0] AndroidManifest.xml:106:25-76
217                <action android:name="android.intent.action.TIME_SET" />
217-->[androidx.work:work-runtime:2.0.0] AndroidManifest.xml:107:17-73
217-->[androidx.work:work-runtime:2.0.0] AndroidManifest.xml:107:25-70
218                <action android:name="android.intent.action.TIMEZONE_CHANGED" />
218-->[androidx.work:work-runtime:2.0.0] AndroidManifest.xml:108:17-81
218-->[androidx.work:work-runtime:2.0.0] AndroidManifest.xml:108:25-78
219            </intent-filter>
220        </receiver>
221        <receiver
221-->[androidx.work:work-runtime:2.0.0] AndroidManifest.xml:111:9-120:20
222            android:name="androidx.work.impl.background.systemalarm.ConstraintProxyUpdateReceiver"
222-->[androidx.work:work-runtime:2.0.0] AndroidManifest.xml:112:13-99
223            android:directBootAware="false"
223-->[androidx.work:work-runtime:2.0.0] AndroidManifest.xml:113:13-44
224            android:enabled="@bool/enable_system_alarm_service_default"
224-->[androidx.work:work-runtime:2.0.0] AndroidManifest.xml:114:13-72
225            android:exported="false" >
225-->[androidx.work:work-runtime:2.0.0] AndroidManifest.xml:115:13-37
226            <intent-filter>
226-->[androidx.work:work-runtime:2.0.0] AndroidManifest.xml:117:13-119:29
227                <action android:name="androidx.work.impl.background.systemalarm.UpdateProxies" />
227-->[androidx.work:work-runtime:2.0.0] AndroidManifest.xml:118:17-98
227-->[androidx.work:work-runtime:2.0.0] AndroidManifest.xml:118:25-95
228            </intent-filter>
229        </receiver>
230
231        <provider
231-->[com.google.firebase:firebase-common:19.3.0] AndroidManifest.xml:26:9-30:39
232            android:name="com.google.firebase.provider.FirebaseInitProvider"
232-->[com.google.firebase:firebase-common:19.3.0] AndroidManifest.xml:27:13-77
233            android:authorities="app.playstore.boulderspot.firebaseinitprovider"
233-->[com.google.firebase:firebase-common:19.3.0] AndroidManifest.xml:28:13-72
234            android:exported="false"
234-->[com.google.firebase:firebase-common:19.3.0] AndroidManifest.xml:29:13-37
235            android:initOrder="100" /> <!-- Needs to be explicitly declared on P+ -->
235-->[com.google.firebase:firebase-common:19.3.0] AndroidManifest.xml:30:13-36
236        <uses-library
236-->[com.google.android.gms:play-services-maps:17.0.0] AndroidManifest.xml:33:9-35:40
237            android:name="org.apache.http.legacy"
237-->[com.google.android.gms:play-services-maps:17.0.0] AndroidManifest.xml:34:13-50
238            android:required="false" />
238-->[com.google.android.gms:play-services-maps:17.0.0] AndroidManifest.xml:35:13-37
239
240        <activity
240-->[com.google.android.gms:play-services-base:17.1.0] AndroidManifest.xml:23:9-26:75
241            android:name="com.google.android.gms.common.api.GoogleApiActivity"
241-->[com.google.android.gms:play-services-base:17.1.0] AndroidManifest.xml:24:13-79
242            android:exported="false"
242-->[com.google.android.gms:play-services-base:17.1.0] AndroidManifest.xml:25:13-37
243            android:theme="@android:style/Theme.Translucent.NoTitleBar" />
243-->[com.google.android.gms:play-services-base:17.1.0] AndroidManifest.xml:26:13-72
244
245        <meta-data
245-->[com.google.android.gms:play-services-basement:17.0.0] AndroidManifest.xml:23:9-25:69
246            android:name="com.google.android.gms.version"
246-->[com.google.android.gms:play-services-basement:17.0.0] AndroidManifest.xml:24:13-58
247            android:value="@integer/google_play_services_version" />
247-->[com.google.android.gms:play-services-basement:17.0.0] AndroidManifest.xml:25:13-66
248
249        <service
249-->[com.google.android.datatransport:transport-backend-cct:2.1.0] AndroidManifest.xml:29:9-35:19
250            android:name="com.google.android.datatransport.runtime.backends.TransportBackendDiscovery"
250-->[com.google.android.datatransport:transport-backend-cct:2.1.0] AndroidManifest.xml:30:13-103
251            android:exported="false" >
251-->[com.google.android.datatransport:transport-backend-cct:2.1.0] AndroidManifest.xml:31:13-37
252            <meta-data
252-->[com.google.android.datatransport:transport-backend-cct:2.1.0] AndroidManifest.xml:32:13-34:39
253                android:name="backend:com.google.android.datatransport.cct.CctBackendFactory"
253-->[com.google.android.datatransport:transport-backend-cct:2.1.0] AndroidManifest.xml:33:17-94
254                android:value="cct" />
254-->[com.google.android.datatransport:transport-backend-cct:2.1.0] AndroidManifest.xml:34:17-36
255        </service>
256        <service
256-->[com.google.android.datatransport:transport-runtime:2.1.0] AndroidManifest.xml:26:9-30:19
257            android:name="com.google.android.datatransport.runtime.scheduling.jobscheduling.JobInfoSchedulerService"
257-->[com.google.android.datatransport:transport-runtime:2.1.0] AndroidManifest.xml:27:13-117
258            android:exported="false"
258-->[com.google.android.datatransport:transport-runtime:2.1.0] AndroidManifest.xml:28:13-37
259            android:permission="android.permission.BIND_JOB_SERVICE" >
259-->[com.google.android.datatransport:transport-runtime:2.1.0] AndroidManifest.xml:29:13-69
260        </service>
261
262        <receiver
262-->[com.google.android.datatransport:transport-runtime:2.1.0] AndroidManifest.xml:32:9-34:40
263            android:name="com.google.android.datatransport.runtime.scheduling.jobscheduling.AlarmManagerSchedulerBroadcastReceiver"
263-->[com.google.android.datatransport:transport-runtime:2.1.0] AndroidManifest.xml:33:13-132
264            android:exported="false" />
264-->[com.google.android.datatransport:transport-runtime:2.1.0] AndroidManifest.xml:34:13-37
265
266        <provider
266-->[androidx.lifecycle:lifecycle-process:2.1.0] AndroidManifest.xml:23:9-27:43